Arguments: 
  /Users/mac/.nvm/versions/node/v18.2.0/bin/node /usr/local/Cellar/yarn/1.22.19/libexec/bin/yarn.js init --y

PATH: 
  /Users/mac/.nvm/versions/node/v18.2.0/bin:/usr/local/bin:/usr/bin:/bin:/usr/sbin:/sbin:/usr/local/go/bin:/Users/mac/.nvm/versions/node/v18.2.0/bin:/Library/PostgreSQL/14/bin:/usr/local/mysql-8.0.28-macos11-x86_64/bin:/usr/local/mongodb/bin://Users/mac/go/bin:/Library/PostgreSQL/14/bin:/usr/local/mysql-8.0.28-macos11-x86_64/bin:/usr/local/mongodb/bin://Users/mac/go/bin

Yarn version: 
  1.22.19

Node version: 
  18.2.0

Platform: 
  darwin x64

Trace: 
  Error: canceled
      at Interface.<anonymous> (/usr/local/Cellar/yarn/1.22.19/libexec/lib/cli.js:137150:13)
      at Interface.emit (node:events:527:28)
      at [_ttyWrite] [as _ttyWrite] (node:internal/readline/interface:1123:18)
      at ReadStream.onkeypress (node:internal/readline/interface:272:20)
      at ReadStream.emit (node:events:527:28)
      at emitKeys (node:internal/readline/utils:358:14)
      at emitKeys.next (<anonymous>)
      at ReadStream.onData (node:internal/readline/emitKeypressEvents:64:36)
      at ReadStream.emit (node:events:527:28)
      at addChunk (node:internal/streams/readable:324:12)

npm manifest: 
  No manifest

yarn manifest: 
  No manifest

Lockfile: 
  No lockfile
